<?xml version="1.0" encoding="UTF-8"?>
<!-- Generated by org.testng.reporters.JUnitReportReporter -->
<testsuite skipped="0" hostname="dell" name="org.test.com.TestNgDataProvider" tests="3" failures="0" timestamp="25 Jan 2023 03:14:41 GMT" time="44.289" errors="0">
  <testcase name="tc1" time="20.936" classname="org.test.com.TestNgDataProvider"/>
  <testcase name="tc1" time="12.701" classname="org.test.com.TestNgDataProvider"/>
  <testcase name="tc1" time="10.652" classname="org.test.com.TestNgDataProvider"/>
</testsuite> <!-- org.test.com.TestNgDataProvider -->
