<?xml version="1.0" encoding="UTF-8"?>
<!-- Generated by org.testng.reporters.JUnitReportReporter -->
<testsuite skipped="1" hostname="dell" name="org.test.com.PriorityAndInvocation" tests="7" failures="0" timestamp="25 Jan 2023 02:18:45 GMT" time="0.049" errors="0">
  <testcase name="tc7" time="0.039" classname="org.test.com.PriorityAndInvocation"/>
  <testcase name="tc6" time="0.003" classname="org.test.com.PriorityAndInvocation"/>
  <testcase name="tc5" time="0.002" classname="org.test.com.PriorityAndInvocation"/>
  <testcase name="tc3" time="0.002" classname="org.test.com.PriorityAndInvocation"/>
  <testcase name="tc4" time="0.001" classname="org.test.com.PriorityAndInvocation"/>
  <testcase name="tc2" time="0.002" classname="org.test.com.PriorityAndInvocation"/>
  <testcase name="tc1" classname="org.test.com.PriorityAndInvocation">
    <skipped/>
  </testcase> <!-- tc1 -->
</testsuite> <!-- org.test.com.PriorityAndInvocation -->
