<?xml version="1.0" encoding="UTF-8"?>
<!-- Generated by org.testng.reporters.JUnitReportReporter -->
<testsuite skipped="0" hostname="dell" name="org.test.com.TestNg" tests="1" failures="0" timestamp="25 Jan 2023 02:19:25 GMT" time="0.010" errors="0">
  <testcase name="tc4" time="0.010" classname="org.test.com.TestNg"/>
</testsuite> <!-- org.test.com.TestNg -->
